-------------------------------------------------------------------------------
Test set: app.CalculadoraQuebradaTest
-------------------------------------------------------------------------------
Tests run: 2, Failures: 1, Errors: 0, Skipped: 0, Time elapsed: 0.019 s <<< FAILURE! - in app.CalculadoraQuebradaTest
twoPlusOneEqualsThree  Time elapsed: 0.005 s  <<< FAILURE!
org.opentest4j.AssertionFailedError: expected: <3> but was: <2>
	at app.CalculadoraQuebradaTest.twoPlusOneEqualsThree(CalculadoraQuebradaTest.java:17)

