<?xml version="1.0" encoding="UTF-8"?>
<testsuite xmlns:xsi="http://www.w3.org/2001/XMLSchema-instance" xsi:noNamespaceSchemaLocation="https://maven.apache.org/surefire/maven-surefire-plugin/xsd/surefire-test-report.xsd" name="app.CalculadoraQuebradaTest" time="0.019" tests="2" errors="0" skipped="0" failures="1">
  <properties>
[...]
</properties>
  <testcase name="twoPlusTwoEqualsFour" classname="app.CalculadoraQuebradaTest" time="0.011"/>
  <testcase name="twoPlusOneEqualsThree" classname="app.CalculadoraQuebradaTest" time="0.005">
    <failure message="expected: &lt;3&gt; but was: &lt;2&gt;" type="org.opentest4j.AssertionFailedError"><![CDATA[org.opentest4j.AssertionFailedError: expected: <3> but was: <2>
	at app.CalculadoraQuebradaTest.twoPlusOneEqualsThree(CalculadoraQuebradaTest.java:17)
]]></failure>
  </testcase>
</testsuite>